0 info it worked if it ends with ok
1 verbose cli [ '/usr/local/bin/node',
1 verbose cli   '/usr/local/bin/npm',
1 verbose cli   'install',
1 verbose cli   '-g',
1 verbose cli   'vue-cli' ]
2 info using npm@2.14.4
3 info using node@v4.1.1
4 verbose install initial load of /usr/local/lib/package.json
5 verbose readDependencies loading dependencies from /usr/local/lib/package.json
6 silly cache add args [ 'vue-cli', null ]
7 verbose cache add spec vue-cli
8 silly cache add parsed spec Result {
8 silly cache add   raw: 'vue-cli',
8 silly cache add   scope: null,
8 silly cache add   name: 'vue-cli',
8 silly cache add   rawSpec: '',
8 silly cache add   spec: '*',
8 silly cache add   type: 'range' }
9 silly addNamed vue-cli@*
10 verbose addNamed "*" is a valid semver range for vue-cli
11 silly addNameRange { name: 'vue-cli', range: '*', hasData: false }
12 silly mapToRegistry name vue-cli
13 silly mapToRegistry using default registry
14 silly mapToRegistry registry https://registry.npmjs.org/
15 silly mapToRegistry uri https://registry.npmjs.org/vue-cli
16 verbose addNameRange registry:https://registry.npmjs.org/vue-cli not in flight; fetching
17 verbose request uri https://registry.npmjs.org/vue-cli
18 verbose request no auth needed
19 info attempt registry request try #1 at 10:16:56
20 verbose request id a6d0e0edce168e2f
21 http request GET https://registry.npmjs.org/vue-cli
22 http 200 https://registry.npmjs.org/vue-cli
23 silly get cb [ 200,
23 silly get   { server: 'CouchDB/1.6.1 (Erlang OTP/R16B03)',
23 silly get     etag: '"6015H4595PJHF4BLYIMCWCVJ5"',
23 silly get     'content-type': 'application/json',
23 silly get     'content-encoding': 'gzip',
23 silly get     'cache-control': 'max-age=300',
23 silly get     'content-length': '6298',
23 silly get     'accept-ranges': 'bytes',
23 silly get     date: 'Mon, 01 Aug 2016 02:16:57 GMT',
23 silly get     via: '1.1 varnish',
23 silly get     age: '0',
23 silly get     connection: 'keep-alive',
23 silly get     'x-served-by': 'cache-itm7421-ITM',
23 silly get     'x-cache': 'HIT',
23 silly get     'x-cache-hits': '1',
23 silly get     'x-timer': 'S1470017817.445953,VS0,VE145',
23 silly get     vary: 'Accept-Encoding' } ]
24 verbose get saving vue-cli to /Users/xeschigan/.npm/registry.npmjs.org/vue-cli/.cache.json
25 silly addNameRange number 2 { name: 'vue-cli', range: '*', hasData: true }
26 silly addNameRange versions [ 'vue-cli',
26 silly addNameRange   [ '1.0.0',
26 silly addNameRange     '1.0.1',
26 silly addNameRange     '1.0.2',
26 silly addNameRange     '1.0.3',
26 silly addNameRange     '1.1.0',
26 silly addNameRange     '1.1.1',
26 silly addNameRange     '1.1.2',
26 silly addNameRange     '1.1.3',
26 silly addNameRange     '1.2.0',
26 silly addNameRange     '1.3.0',
26 silly addNameRange     '1.4.0',
26 silly addNameRange     '2.0.0',
26 silly addNameRange     '2.0.1',
26 silly addNameRange     '2.0.2',
26 silly addNameRange     '2.0.3',
26 silly addNameRange     '2.0.4',
26 silly addNameRange     '2.1.0',
26 silly addNameRange     '2.1.1' ] ]
27 silly addNamed vue-cli@2.1.1
28 verbose addNamed "2.1.1" is a plain semver version for vue-cli
29 silly mapToRegistry name vue-cli
30 silly mapToRegistry using default registry
31 silly mapToRegistry registry https://registry.npmjs.org/
32 silly mapToRegistry uri https://registry.npmjs.org/vue-cli
33 verbose addRemoteTarball https://registry.npmjs.org/vue-cli/-/vue-cli-2.1.1.tgz not in flight; adding
34 verbose addRemoteTarball [ 'https://registry.npmjs.org/vue-cli/-/vue-cli-2.1.1.tgz',
34 verbose addRemoteTarball   '2f271c7f61293f48dbfc12f48b80f3b4ba035d33' ]
35 info retry fetch attempt 1 at 10:16:57
36 info attempt registry request try #1 at 10:16:57
37 http fetch GET https://registry.npmjs.org/vue-cli/-/vue-cli-2.1.1.tgz
38 http fetch 200 https://registry.npmjs.org/vue-cli/-/vue-cli-2.1.1.tgz
39 silly fetchAndShaCheck shasum 2f271c7f61293f48dbfc12f48b80f3b4ba035d33
40 verbose addTmpTarball /var/folders/4c/2rq42b8s0zq4bk19snp1n6jm0000gn/T/npm-87889-b980ec03/registry.npmjs.org/vue-cli/-/vue-cli-2.1.1.tgz not in flight; adding
41 verbose addTmpTarball already have metadata; skipping unpack for vue-cli@2.1.1
42 silly cache afterAdd vue-cli@2.1.1
43 verbose afterAdd /Users/xeschigan/.npm/vue-cli/2.1.1/package/package.json not in flight; writing
44 verbose afterAdd /Users/xeschigan/.npm/vue-cli/2.1.1/package/package.json written
45 silly install resolved [ { name: 'vue-cli',
45 silly install resolved     version: '2.1.1',
45 silly install resolved     description: 'A simple CLI for scaffolding Vue.js projects.',
45 silly install resolved     preferGlobal: true,
45 silly install resolved     bin: { vue: 'bin/vue' },
45 silly install resolved     repository: { type: 'git', url: 'git+https://github.com/vuejs/vue-cli.git' },
45 silly install resolved     keywords: [ 'vue', 'cli', 'spa' ],
45 silly install resolved     author: { name: 'Evan You' },
45 silly install resolved     license: 'MIT',
45 silly install resolved     bugs: { url: 'https://github.com/vuejs/vue-cli/issues' },
45 silly install resolved     homepage: 'https://github.com/vuejs/vue-cli#readme',
45 silly install resolved     main: 'lib/index.js',
45 silly install resolved     scripts:
45 silly install resolved      { test: 'npm run lint && npm run e2e',
45 silly install resolved        lint: 'eslint test/test.js lib bin/* --env mocha',
45 silly install resolved        e2e: 'rimraf test/e2e/mock-template-build/*.* && cross-env BABEL_ENV=development mocha test/e2e/test.js --slow 1000 --compilers js:babel-core/register' },
45 silly install resolved     dependencies:
45 silly install resolved      { async: '^2.0.0-rc.2',
45 silly install resolved        chalk: '^1.1.1',
45 silly install resolved        commander: '^2.9.0',
45 silly install resolved        consolidate: '^0.14.0',
45 silly install resolved        'download-git-repo': '^0.1.1',
45 silly install resolved        handlebars: '^4.0.5',
45 silly install resolved        inquirer: '^0.12.0',
45 silly install resolved        metalsmith: '^2.1.0',
45 silly install resolved        minimatch: '^3.0.0',
45 silly install resolved        ora: '^0.2.1',
45 silly install resolved        'read-metadata': '^1.0.0',
45 silly install resolved        request: '^2.67.0',
45 silly install resolved        rimraf: '^2.5.0',
45 silly install resolved        semver: '^5.1.0',
45 silly install resolved        uid: '0.0.2',
45 silly install resolved        'validate-npm-package-name': '^2.2.2' },
45 silly install resolved     devDependencies:
45 silly install resolved      { 'babel-core': '^6.7.4',
45 silly install resolved        'babel-preset-es2015': '^6.6.0',
45 silly install resolved        'babel-preset-stage-2': '^6.5.0',
45 silly install resolved        chai: '^3.5.0',
45 silly install resolved        'cross-env': '^1.0.7',
45 silly install resolved        eslint: '^2.7.0',
45 silly install resolved        'eslint-config-standard': '^5.1.0',
45 silly install resolved        'eslint-plugin-promise': '^1.1.0',
45 silly install resolved        'eslint-plugin-standard': '^1.3.2',
45 silly install resolved        mocha: '^2.4.5' },
45 silly install resolved     engines: { node: '>=4.0.0' },
45 silly install resolved     gitHead: 'cac285791b82b8f20c9d431648dae5835fb8371a',
45 silly install resolved     _id: 'vue-cli@2.1.1',
45 silly install resolved     _shasum: '2f271c7f61293f48dbfc12f48b80f3b4ba035d33',
45 silly install resolved     _from: 'vue-cli@*',
45 silly install resolved     _npmVersion: '3.10.3',
45 silly install resolved     _nodeVersion: '6.3.0',
45 silly install resolved     _npmUser: { name: 'yyx990803', email: 'yyx990803@gmail.com' },
45 silly install resolved     maintainers: [ [Object] ],
45 silly install resolved     dist:
45 silly install resolved      { shasum: '2f271c7f61293f48dbfc12f48b80f3b4ba035d33',
45 silly install resolved        tarball: 'https://registry.npmjs.org/vue-cli/-/vue-cli-2.1.1.tgz' },
45 silly install resolved     _npmOperationalInternal:
45 silly install resolved      { host: 'packages-16-east.internal.npmjs.com',
45 silly install resolved        tmp: 'tmp/vue-cli-2.1.1.tgz_1469585863812_0.6636452635284513' },
45 silly install resolved     directories: {},
45 silly install resolved     _resolved: 'https://registry.npmjs.org/vue-cli/-/vue-cli-2.1.1.tgz' } ]
46 info install vue-cli@2.1.1 into /usr/local/lib
47 info installOne vue-cli@2.1.1
48 verbose installOne of vue-cli to /usr/local/lib not in flight; installing
49 verbose lock using /Users/xeschigan/.npm/_locks/vue-cli-baa7602660f62cb8.lock for /usr/local/lib/node_modules/vue-cli
50 silly install write writing vue-cli 2.1.1 to /usr/local/lib/node_modules/vue-cli
51 verbose unbuild lib/node_modules/vue-cli
52 silly gentlyRm /usr/local/lib/node_modules/vue-cli is being purged from base /usr/local
53 verbose gentlyRm don't care about contents; nuking /usr/local/lib/node_modules/vue-cli
54 verbose tar unpack /Users/xeschigan/.npm/vue-cli/2.1.1/package.tgz
55 verbose tar unpacking to /usr/local/lib/node_modules/vue-cli
56 silly gentlyRm /usr/local/lib/node_modules/vue-cli is being purged
57 verbose gentlyRm don't care about contents; nuking /usr/local/lib/node_modules/vue-cli
58 silly gunzTarPerm modes [ '755', '644' ]
59 error tar.unpack untar error /Users/xeschigan/.npm/vue-cli/2.1.1/package.tgz
60 verbose unlock done using /Users/xeschigan/.npm/_locks/vue-cli-baa7602660f62cb8.lock for /usr/local/lib/node_modules/vue-cli
61 verbose fstream_path /usr/local/lib/node_modules/vue-cli
62 verbose fstream_type Directory
63 verbose fstream_class DirWriter
64 verbose stack Error: EACCES: permission denied, mkdir '/usr/local/lib/node_modules/vue-cli'
64 verbose stack     at Error (native)
65 verbose fstream_stack /usr/local/lib/node_modules/npm/node_modules/fstream/lib/dir-writer.js:35:25
65 verbose fstream_stack /usr/local/lib/node_modules/npm/node_modules/mkdirp/index.js:47:53
65 verbose fstream_stack FSReqWrap.oncomplete (fs.js:82:15)
66 verbose cwd /Users/xeschigan/Documents/framework/vuejs/Cnode-vue-spa-cwsjoker
67 error Darwin 14.1.1
68 error argv "/usr/local/bin/node" "/usr/local/bin/npm" "install" "-g" "vue-cli"
69 error node v4.1.1
70 error npm  v2.14.4
71 error path /usr/local/lib/node_modules/vue-cli
72 error code EACCES
73 error errno -13
74 error syscall mkdir
75 error Error: EACCES: permission denied, mkdir '/usr/local/lib/node_modules/vue-cli'
75 error     at Error (native)
75 error  { [Error: EACCES: permission denied, mkdir '/usr/local/lib/node_modules/vue-cli']
75 error   errno: -13,
75 error   code: 'EACCES',
75 error   syscall: 'mkdir',
75 error   path: '/usr/local/lib/node_modules/vue-cli',
75 error   fstream_type: 'Directory',
75 error   fstream_path: '/usr/local/lib/node_modules/vue-cli',
75 error   fstream_class: 'DirWriter',
75 error   fstream_stack:
75 error    [ '/usr/local/lib/node_modules/npm/node_modules/fstream/lib/dir-writer.js:35:25',
75 error      '/usr/local/lib/node_modules/npm/node_modules/mkdirp/index.js:47:53',
75 error      'FSReqWrap.oncomplete (fs.js:82:15)' ] }
76 error Please try running this command again as root/Administrator.
77 verbose exit [ -13, true ]
78 verbose unbuild lib/node_modules/vue-cli
79 silly gentlyRm /usr/local/lib/node_modules/vue-cli is being purged from base /usr/local
80 verbose gentlyRm don't care about contents; nuking /usr/local/lib/node_modules/vue-cli
